{"level":"debug","time":"2022-02-24T19:04:59.643+0530","caller":"cmd/lt.go:89","msg":"File descriptor limit 1048575"}
{"level":"info","time":"2022-02-24T19:04:59.717+0530","caller":"cobra/command.go:854","msg":"LambdaTest Tunnel version: 3.1.21"}
{"level":"debug","time":"2022-02-24T19:04:59.719+0530","caller":"cmd/lt.go:176","msg":"Starting pipeline....."}
{"level":"debug","time":"2022-02-24T19:04:59.719+0530","caller":"cmd/lt.go:176","msg":"OS: darwin, Arch: amd64"}
{"level":"debug","time":"2022-02-24T19:04:59.719+0530","caller":"cmd/lt.go:176","msg":"Fetching config"}
{"level":"debug","time":"2022-02-24T19:04:59.719+0530","caller":"runtime/asm_amd64.s:1373","msg":"Starting tunnel With flags: --user mudassars --key ***** --controller npm --infoAPIPort 51279 --tunnelName Mudassar.local51279 --logFile Mudassar.local51279.log --port 51280"}
{"level":"debug","time":"2022-02-24T19:05:00.362+0530","caller":"cmd/lt.go:176","msg":"Remote config fetched"}
{"level":"debug","time":"2022-02-24T19:05:00.493+0530","caller":"core/lifecycle.go:152","msg":"Starting API server"}
{"level":"debug","time":"2022-02-24T19:05:00.493+0530","caller":"runtime/asm_amd64.s:1373","msg":"Trying over ssh over ws"}
{"level":"debug","time":"2022-02-24T19:05:00.493+0530","caller":"runtime/asm_amd64.s:1373","msg":"Trying on port 443"}
{"level":"debug","time":"2022-02-24T19:05:00.493+0530","caller":"apiserver/setup.go:173","msg":"Starting API server for tunnel info on port: 51279"}
{"level":"debug","time":"2022-02-24T19:05:00.493+0530","caller":"core/lifecycle.go:138","msg":"Starting sink proxy"}
{"level":"debug","time":"2022-02-24T19:05:00.493+0530","caller":"runtime/asm_amd64.s:1373","msg":"Trying on port 22"}
{"level":"info","time":"2022-02-24T19:05:00.494+0530","caller":"custom/setup.go:635","msg":"Tunnel binary started on port :51280"}
{"level":"debug","time":"2022-02-24T19:05:00.515+0530","caller":"runtime/asm_amd64.s:1373","msg":"WSS connection was successful"}
{"level":"debug","time":"2022-02-24T19:05:00.952+0530","caller":"runtime/asm_amd64.s:1373","msg":"SSH connection over ws successful"}
{"level":"debug","time":"2022-02-24T19:05:00.961+0530","caller":"runtime/asm_amd64.s:1373","msg":"SSH connection over port 22 successful"}
{"level":"debug","time":"2022-02-24T19:05:00.996+0530","caller":"runtime/asm_amd64.s:1373","msg":"SSH connection over port 443 successful"}
{"level":"info","time":"2022-02-24T19:05:00.996+0530","caller":"core/lifecycle.go:115","msg":"Using ssh(over_22) :: connection mode"}
{"level":"info","time":"2022-02-24T19:05:00.996+0530","caller":"cmd/lt.go:176","msg":"Launching tunnel"}
{"level":"debug","time":"2022-02-24T19:05:00.996+0530","caller":"core/lifecycle.go:233","msg":"Starting control ws connection at wss://ts.lambdatest.com/monitor"}
{"level":"debug","time":"2022-02-24T19:05:01.738+0530","caller":"core/lifecycle.go:233","msg":"Control ws channel opened"}
{"level":"debug","time":"2022-02-24T19:05:01.738+0530","caller":"runtime/asm_amd64.s:1373","msg":"Starting message listener on control connection"}
{"level":"debug","time":"2022-02-24T19:05:03.061+0530","caller":"runtime/asm_amd64.s:1373","msg":"Sending tunnel registered message to channels"}
{"level":"debug","time":"2022-02-24T19:05:03.061+0530","caller":"core/lifecycle.go:283","msg":"Using 5 ssh connection"}
{"level":"debug","time":"2022-02-24T19:05:03.061+0530","caller":"runtime/asm_amd64.s:1373","msg":"Tunnel registered message received on control channel"}
{"level":"debug","time":"2022-02-24T19:05:03.061+0530","caller":"runtime/asm_amd64.s:1373","msg":"controller bus registered"}
{"level":"debug","time":"2022-02-24T19:05:03.386+0530","caller":"runtime/asm_amd64.s:1373","msg":"Successfully started sshd listener on port: 24328"}
{"level":"debug","time":"2022-02-24T19:05:03.391+0530","caller":"runtime/asm_amd64.s:1373","msg":"Successfully started sshd listener on port: 31995"}
{"level":"info","time":"2022-02-24T19:05:03.391+0530","caller":"runtime/asm_amd64.s:1373","msg":"You can start testing now"}
{"level":"info","time":"2022-02-24T19:05:03.391+0530","caller":"runtime/asm_amd64.s:1373","msg":"Tunnel ID: 1074297"}
{"level":"debug","time":"2022-02-24T19:05:03.391+0530","caller":"runtime/asm_amd64.s:1373","msg":"Remote Listener Started on Port 2103"}
{"level":"debug","time":"2022-02-24T19:05:03.406+0530","caller":"runtime/asm_amd64.s:1373","msg":"Successfully started sshd listener on port: 17916"}
{"level":"debug","time":"2022-02-24T19:05:03.426+0530","caller":"runtime/asm_amd64.s:1373","msg":"Successfully started sshd listener on port: 9076"}
{"level":"debug","time":"2022-02-24T19:05:03.453+0530","caller":"runtime/asm_amd64.s:1373","msg":"Successfully started sshd listener on port: 5594"}
{"level":"debug","time":"2022-02-24T19:05:05.377+0530","caller":"cmd/lt.go:176","msg":"Context cancelled"}
{"level":"debug","time":"2022-02-24T19:05:05.377+0530","caller":"runtime/asm_amd64.s:1373","msg":"Shutting down the server"}
{"level":"info","time":"2022-02-24T19:05:05.377+0530","caller":"cmd/lt.go:176","msg":"Stopping tunnel"}
{"level":"debug","time":"2022-02-24T19:05:05.377+0530","caller":"custom/setup.go:635","msg":"Exiting the sink proxy"}
{"level":"debug","time":"2022-02-24T19:05:05.378+0530","caller":"runtime/asm_amd64.s:1373","msg":"Unusual close error on control channel..."}
{"level":"debug","time":"2022-02-24T19:05:05.378+0530","caller":"runtime/asm_amd64.s:1373","msg":"Write loop ended for control channel"}
{"level":"debug","time":"2022-02-24T19:05:06.014+0530","caller":"runtime/asm_amd64.s:1373","msg":"Remote connection on remote port: 31995 closed, reason: EOF"}
{"level":"debug","time":"2022-02-24T19:05:06.014+0530","caller":"runtime/asm_amd64.s:1373","msg":"closed ssh connection with port 31995"}
{"level":"debug","time":"2022-02-24T19:05:06.014+0530","caller":"runtime/asm_amd64.s:1373","msg":"Remote connection on remote port: 5594 closed, reason: EOF"}
{"level":"debug","time":"2022-02-24T19:05:06.014+0530","caller":"runtime/asm_amd64.s:1373","msg":"Remote connection on remote port: 24328 closed, reason: EOF"}
{"level":"debug","time":"2022-02-24T19:05:06.015+0530","caller":"runtime/asm_amd64.s:1373","msg":"closed ssh connection with port 24328"}
{"level":"debug","time":"2022-02-24T19:05:06.014+0530","caller":"runtime/asm_amd64.s:1373","msg":"closed ssh connection with port 5594"}
{"level":"debug","time":"2022-02-24T19:05:06.015+0530","caller":"runtime/asm_amd64.s:1373","msg":"Remote connection on remote port: 17916 closed, reason: EOF"}
{"level":"debug","time":"2022-02-24T19:05:06.015+0530","caller":"runtime/asm_amd64.s:1373","msg":"closed ssh connection with port 17916"}
{"level":"debug","time":"2022-02-24T19:05:06.016+0530","caller":"runtime/asm_amd64.s:1373","msg":"Remote connection on remote port: 9076 closed, reason: EOF"}
{"level":"debug","time":"2022-02-24T19:05:06.016+0530","caller":"runtime/asm_amd64.s:1373","msg":"closed ssh connection with port 9076"}
