{"level":"debug","time":"2022-02-24T19:01:42.319+0530","caller":"cmd/lt.go:89","msg":"File descriptor limit 1048575"}
{"level":"info","time":"2022-02-24T19:01:42.398+0530","caller":"cobra/command.go:854","msg":"LambdaTest Tunnel version: 3.1.21"}
{"level":"debug","time":"2022-02-24T19:01:42.399+0530","caller":"cmd/lt.go:176","msg":"Starting pipeline....."}
{"level":"debug","time":"2022-02-24T19:01:42.401+0530","caller":"cmd/lt.go:176","msg":"OS: darwin, Arch: amd64"}
{"level":"debug","time":"2022-02-24T19:01:42.401+0530","caller":"cmd/lt.go:176","msg":"Fetching config"}
{"level":"debug","time":"2022-02-24T19:01:42.402+0530","caller":"runtime/asm_amd64.s:1373","msg":"Starting tunnel With flags: --user mudassars --key ***** --controller npm --infoAPIPort 51143 --tunnelName Mudassar.local51143 --logFile Mudassar.local51143.log --port 51144"}
{"level":"debug","time":"2022-02-24T19:01:43.105+0530","caller":"cmd/lt.go:176","msg":"Remote config fetched"}
{"level":"debug","time":"2022-02-24T19:01:43.267+0530","caller":"core/lifecycle.go:152","msg":"Starting API server"}
{"level":"debug","time":"2022-02-24T19:01:43.267+0530","caller":"runtime/asm_amd64.s:1373","msg":"Trying on port 22"}
{"level":"debug","time":"2022-02-24T19:01:43.267+0530","caller":"runtime/asm_amd64.s:1373","msg":"Trying on port 443"}
{"level":"debug","time":"2022-02-24T19:01:43.268+0530","caller":"core/lifecycle.go:138","msg":"Starting sink proxy"}
{"level":"debug","time":"2022-02-24T19:01:43.268+0530","caller":"apiserver/setup.go:173","msg":"Starting API server for tunnel info on port: 51143"}
{"level":"debug","time":"2022-02-24T19:01:43.267+0530","caller":"runtime/asm_amd64.s:1373","msg":"Trying over ssh over ws"}
{"level":"info","time":"2022-02-24T19:01:43.268+0530","caller":"custom/setup.go:635","msg":"Tunnel binary started on port :51144"}
{"level":"debug","time":"2022-02-24T19:01:43.290+0530","caller":"runtime/asm_amd64.s:1373","msg":"WSS connection was successful"}
{"level":"debug","time":"2022-02-24T19:01:43.522+0530","caller":"runtime/asm_amd64.s:1373","msg":"SSH connection over port 22 successful"}
{"level":"debug","time":"2022-02-24T19:01:43.543+0530","caller":"runtime/asm_amd64.s:1373","msg":"SSH connection over ws successful"}
{"level":"debug","time":"2022-02-24T19:01:43.543+0530","caller":"runtime/asm_amd64.s:1373","msg":"SSH connection over port 443 successful"}
{"level":"info","time":"2022-02-24T19:01:43.543+0530","caller":"core/lifecycle.go:115","msg":"Using ssh(over_22) :: connection mode"}
{"level":"info","time":"2022-02-24T19:01:43.543+0530","caller":"cmd/lt.go:176","msg":"Launching tunnel"}
{"level":"debug","time":"2022-02-24T19:01:43.544+0530","caller":"core/lifecycle.go:233","msg":"Starting control ws connection at wss://ts.lambdatest.com/monitor"}
{"level":"debug","time":"2022-02-24T19:01:44.288+0530","caller":"core/lifecycle.go:233","msg":"Control ws channel opened"}
{"level":"debug","time":"2022-02-24T19:01:44.288+0530","caller":"runtime/asm_amd64.s:1373","msg":"Starting message listener on control connection"}
{"level":"debug","time":"2022-02-24T19:01:45.961+0530","caller":"runtime/asm_amd64.s:1373","msg":"Tunnel registered message received on control channel"}
{"level":"debug","time":"2022-02-24T19:01:45.961+0530","caller":"core/lifecycle.go:283","msg":"Using 5 ssh connection"}
{"level":"debug","time":"2022-02-24T19:01:45.961+0530","caller":"runtime/asm_amd64.s:1373","msg":"controller bus registered"}
{"level":"debug","time":"2022-02-24T19:01:45.961+0530","caller":"runtime/asm_amd64.s:1373","msg":"Sending tunnel registered message to channels"}
{"level":"debug","time":"2022-02-24T19:01:46.254+0530","caller":"runtime/asm_amd64.s:1373","msg":"Successfully started sshd listener on port: 10953"}
{"level":"debug","time":"2022-02-24T19:01:46.265+0530","caller":"runtime/asm_amd64.s:1373","msg":"Successfully started sshd listener on port: 30769"}
{"level":"info","time":"2022-02-24T19:01:46.265+0530","caller":"runtime/asm_amd64.s:1373","msg":"You can start testing now"}
{"level":"info","time":"2022-02-24T19:01:46.265+0530","caller":"runtime/asm_amd64.s:1373","msg":"Tunnel ID: 1074282"}
{"level":"debug","time":"2022-02-24T19:01:46.265+0530","caller":"runtime/asm_amd64.s:1373","msg":"Remote Listener Started on Port 26392"}
{"level":"debug","time":"2022-02-24T19:01:46.268+0530","caller":"runtime/asm_amd64.s:1373","msg":"Successfully started sshd listener on port: 31031"}
{"level":"debug","time":"2022-02-24T19:01:46.276+0530","caller":"runtime/asm_amd64.s:1373","msg":"Successfully started sshd listener on port: 2059"}
{"level":"debug","time":"2022-02-24T19:01:46.339+0530","caller":"runtime/asm_amd64.s:1373","msg":"Successfully started sshd listener on port: 7240"}
{"level":"debug","time":"2022-02-24T19:01:47.832+0530","caller":"cmd/lt.go:176","msg":"Context cancelled"}
{"level":"debug","time":"2022-02-24T19:01:47.832+0530","caller":"custom/setup.go:635","msg":"Exiting the sink proxy"}
{"level":"debug","time":"2022-02-24T19:01:47.832+0530","caller":"runtime/asm_amd64.s:1373","msg":"Shutting down the server"}
{"level":"info","time":"2022-02-24T19:01:47.832+0530","caller":"cmd/lt.go:176","msg":"Stopping tunnel"}
{"level":"debug","time":"2022-02-24T19:01:47.833+0530","caller":"runtime/asm_amd64.s:1373","msg":"Unusual close error on control channel..."}
{"level":"debug","time":"2022-02-24T19:01:47.833+0530","caller":"runtime/asm_amd64.s:1373","msg":"Write loop ended for control channel"}
{"level":"debug","time":"2022-02-24T19:01:48.471+0530","caller":"runtime/asm_amd64.s:1373","msg":"Remote connection on remote port: 31031 closed, reason: EOF"}
{"level":"debug","time":"2022-02-24T19:01:48.471+0530","caller":"runtime/asm_amd64.s:1373","msg":"Remote connection on remote port: 7240 closed, reason: EOF"}
{"level":"debug","time":"2022-02-24T19:01:48.471+0530","caller":"runtime/asm_amd64.s:1373","msg":"closed ssh connection with port 31031"}
{"level":"debug","time":"2022-02-24T19:01:48.471+0530","caller":"runtime/asm_amd64.s:1373","msg":"closed ssh connection with port 7240"}
{"level":"debug","time":"2022-02-24T19:01:48.472+0530","caller":"runtime/asm_amd64.s:1373","msg":"Remote connection on remote port: 30769 closed, reason: EOF"}
{"level":"debug","time":"2022-02-24T19:01:48.472+0530","caller":"runtime/asm_amd64.s:1373","msg":"closed ssh connection with port 30769"}
{"level":"debug","time":"2022-02-24T19:01:48.473+0530","caller":"runtime/asm_amd64.s:1373","msg":"Remote connection on remote port: 2059 closed, reason: EOF"}
{"level":"debug","time":"2022-02-24T19:01:48.473+0530","caller":"runtime/asm_amd64.s:1373","msg":"closed ssh connection with port 2059"}
{"level":"debug","time":"2022-02-24T19:01:48.473+0530","caller":"runtime/asm_amd64.s:1373","msg":"Remote connection on remote port: 10953 closed, reason: EOF"}
{"level":"debug","time":"2022-02-24T19:01:48.473+0530","caller":"runtime/asm_amd64.s:1373","msg":"closed ssh connection with port 10953"}
