{"level":"debug","time":"2022-02-24T18:38:57.170+0530","caller":"cmd/lt.go:89","msg":"File descriptor limit 1048575"}
{"level":"info","time":"2022-02-24T18:38:57.449+0530","caller":"cobra/command.go:854","msg":"LambdaTest Tunnel version: 3.1.21"}
{"level":"debug","time":"2022-02-24T18:38:57.449+0530","caller":"cmd/lt.go:176","msg":"Starting pipeline....."}
{"level":"debug","time":"2022-02-24T18:38:57.450+0530","caller":"cmd/lt.go:176","msg":"OS: darwin, Arch: amd64"}
{"level":"debug","time":"2022-02-24T18:38:57.450+0530","caller":"cmd/lt.go:176","msg":"Fetching config"}
{"level":"debug","time":"2022-02-24T18:38:57.450+0530","caller":"runtime/asm_amd64.s:1373","msg":"Starting tunnel With flags: --user mudassars --key ***** --controller npm --infoAPIPort 50919 --tunnelName Mudassar.local50919 --logFile Mudassar.local50919.log --port 50920"}
{"level":"debug","time":"2022-02-24T18:38:57.944+0530","caller":"cmd/lt.go:176","msg":"Remote config fetched"}
{"level":"debug","time":"2022-02-24T18:38:58.136+0530","caller":"core/lifecycle.go:152","msg":"Starting API server"}
{"level":"debug","time":"2022-02-24T18:38:58.136+0530","caller":"core/lifecycle.go:138","msg":"Starting sink proxy"}
{"level":"debug","time":"2022-02-24T18:38:58.136+0530","caller":"apiserver/setup.go:173","msg":"Starting API server for tunnel info on port: 50919"}
{"level":"debug","time":"2022-02-24T18:38:58.137+0530","caller":"runtime/asm_amd64.s:1373","msg":"Trying on port 443"}
{"level":"debug","time":"2022-02-24T18:38:58.137+0530","caller":"runtime/asm_amd64.s:1373","msg":"Trying on port 22"}
{"level":"debug","time":"2022-02-24T18:38:58.137+0530","caller":"runtime/asm_amd64.s:1373","msg":"Trying over ssh over ws"}
{"level":"info","time":"2022-02-24T18:38:58.137+0530","caller":"custom/setup.go:635","msg":"Tunnel binary started on port :50920"}
{"level":"debug","time":"2022-02-24T18:38:58.160+0530","caller":"runtime/asm_amd64.s:1373","msg":"WSS connection was successful"}
{"level":"debug","time":"2022-02-24T18:38:58.395+0530","caller":"runtime/asm_amd64.s:1373","msg":"SSH connection over port 22 successful"}
{"level":"debug","time":"2022-02-24T18:38:58.438+0530","caller":"runtime/asm_amd64.s:1373","msg":"SSH connection over ws successful"}
{"level":"debug","time":"2022-02-24T18:38:58.463+0530","caller":"runtime/asm_amd64.s:1373","msg":"SSH connection over port 443 successful"}
{"level":"info","time":"2022-02-24T18:38:58.463+0530","caller":"core/lifecycle.go:115","msg":"Using ssh(over_22) :: connection mode"}
{"level":"info","time":"2022-02-24T18:38:58.463+0530","caller":"cmd/lt.go:176","msg":"Launching tunnel"}
{"level":"debug","time":"2022-02-24T18:38:58.463+0530","caller":"core/lifecycle.go:233","msg":"Starting control ws connection at wss://ts.lambdatest.com/monitor"}
{"level":"debug","time":"2022-02-24T18:38:58.970+0530","caller":"core/lifecycle.go:233","msg":"Control ws channel opened"}
{"level":"debug","time":"2022-02-24T18:38:58.970+0530","caller":"runtime/asm_amd64.s:1373","msg":"Starting message listener on control connection"}
{"level":"debug","time":"2022-02-24T18:39:01.119+0530","caller":"runtime/asm_amd64.s:1373","msg":"Tunnel registered message received on control channel"}
{"level":"debug","time":"2022-02-24T18:39:01.119+0530","caller":"runtime/asm_amd64.s:1373","msg":"controller bus registered"}
{"level":"debug","time":"2022-02-24T18:39:01.119+0530","caller":"core/lifecycle.go:283","msg":"Using 5 ssh connection"}
{"level":"debug","time":"2022-02-24T18:39:01.119+0530","caller":"runtime/asm_amd64.s:1373","msg":"Sending tunnel registered message to channels"}
{"level":"debug","time":"2022-02-24T18:39:01.453+0530","caller":"runtime/asm_amd64.s:1373","msg":"Successfully started sshd listener on port: 23037"}
{"level":"debug","time":"2022-02-24T18:39:01.458+0530","caller":"runtime/asm_amd64.s:1373","msg":"Successfully started sshd listener on port: 4214"}
{"level":"info","time":"2022-02-24T18:39:01.458+0530","caller":"runtime/asm_amd64.s:1373","msg":"You can start testing now"}
{"level":"info","time":"2022-02-24T18:39:01.458+0530","caller":"runtime/asm_amd64.s:1373","msg":"Tunnel ID: 1074037"}
{"level":"debug","time":"2022-02-24T18:39:01.458+0530","caller":"runtime/asm_amd64.s:1373","msg":"Remote Listener Started on Port 16677"}
{"level":"debug","time":"2022-02-24T18:39:01.461+0530","caller":"runtime/asm_amd64.s:1373","msg":"Successfully started sshd listener on port: 20586"}
{"level":"debug","time":"2022-02-24T18:39:01.471+0530","caller":"runtime/asm_amd64.s:1373","msg":"Successfully started sshd listener on port: 27774"}
{"level":"debug","time":"2022-02-24T18:39:01.474+0530","caller":"runtime/asm_amd64.s:1373","msg":"Successfully started sshd listener on port: 1585"}
{"level":"debug","time":"2022-02-24T18:39:01.913+0530","caller":"cmd/lt.go:176","msg":"Context cancelled"}
{"level":"debug","time":"2022-02-24T18:39:01.913+0530","caller":"custom/setup.go:635","msg":"Exiting the sink proxy"}
{"level":"info","time":"2022-02-24T18:39:01.913+0530","caller":"cmd/lt.go:176","msg":"Stopping tunnel"}
{"level":"debug","time":"2022-02-24T18:39:01.913+0530","caller":"runtime/asm_amd64.s:1373","msg":"Shutting down the server"}
{"level":"debug","time":"2022-02-24T18:39:01.914+0530","caller":"runtime/asm_amd64.s:1373","msg":"Unusual close error on control channel..."}
{"level":"debug","time":"2022-02-24T18:39:01.914+0530","caller":"runtime/asm_amd64.s:1373","msg":"Write loop ended for control channel"}
{"level":"debug","time":"2022-02-24T18:39:02.563+0530","caller":"runtime/asm_amd64.s:1373","msg":"Remote connection on remote port: 20586 closed, reason: EOF"}
{"level":"debug","time":"2022-02-24T18:39:02.563+0530","caller":"runtime/asm_amd64.s:1373","msg":"Remote connection on remote port: 23037 closed, reason: EOF"}
{"level":"debug","time":"2022-02-24T18:39:02.564+0530","caller":"runtime/asm_amd64.s:1373","msg":"closed ssh connection with port 20586"}
{"level":"debug","time":"2022-02-24T18:39:02.564+0530","caller":"runtime/asm_amd64.s:1373","msg":"closed ssh connection with port 23037"}
{"level":"debug","time":"2022-02-24T18:39:02.566+0530","caller":"runtime/asm_amd64.s:1373","msg":"Remote connection on remote port: 4214 closed, reason: EOF"}
{"level":"debug","time":"2022-02-24T18:39:02.566+0530","caller":"runtime/asm_amd64.s:1373","msg":"Remote connection on remote port: 27774 closed, reason: EOF"}
{"level":"debug","time":"2022-02-24T18:39:02.566+0530","caller":"runtime/asm_amd64.s:1373","msg":"closed ssh connection with port 4214"}
{"level":"debug","time":"2022-02-24T18:39:02.566+0530","caller":"runtime/asm_amd64.s:1373","msg":"closed ssh connection with port 27774"}
{"level":"debug","time":"2022-02-24T18:39:02.567+0530","caller":"runtime/asm_amd64.s:1373","msg":"Remote connection on remote port: 1585 closed, reason: EOF"}
{"level":"debug","time":"2022-02-24T18:39:02.567+0530","caller":"runtime/asm_amd64.s:1373","msg":"closed ssh connection with port 1585"}
