{"level":"debug","time":"2022-02-24T19:04:06.386+0530","caller":"cmd/lt.go:89","msg":"File descriptor limit 1048575"}
{"level":"info","time":"2022-02-24T19:04:06.798+0530","caller":"cobra/command.go:854","msg":"LambdaTest Tunnel version: 3.1.21"}
{"level":"debug","time":"2022-02-24T19:04:06.798+0530","caller":"cmd/lt.go:176","msg":"Starting pipeline....."}
{"level":"debug","time":"2022-02-24T19:04:06.798+0530","caller":"cmd/lt.go:176","msg":"OS: darwin, Arch: amd64"}
{"level":"debug","time":"2022-02-24T19:04:06.798+0530","caller":"cmd/lt.go:176","msg":"Fetching config"}
{"level":"debug","time":"2022-02-24T19:04:06.798+0530","caller":"runtime/asm_amd64.s:1373","msg":"Starting tunnel With flags: --user mudassars --key ***** --controller npm --infoAPIPort 51239 --tunnelName Mudassar.local51239 --logFile Mudassar.local51239.log --port 51240"}
{"level":"debug","time":"2022-02-24T19:04:07.254+0530","caller":"cmd/lt.go:176","msg":"Remote config fetched"}
{"level":"debug","time":"2022-02-24T19:04:07.368+0530","caller":"core/lifecycle.go:152","msg":"Starting API server"}
{"level":"debug","time":"2022-02-24T19:04:07.368+0530","caller":"apiserver/setup.go:173","msg":"Starting API server for tunnel info on port: 51239"}
{"level":"debug","time":"2022-02-24T19:04:07.368+0530","caller":"runtime/asm_amd64.s:1373","msg":"Trying on port 22"}
{"level":"debug","time":"2022-02-24T19:04:07.368+0530","caller":"core/lifecycle.go:138","msg":"Starting sink proxy"}
{"level":"debug","time":"2022-02-24T19:04:07.368+0530","caller":"runtime/asm_amd64.s:1373","msg":"Trying on port 443"}
{"level":"debug","time":"2022-02-24T19:04:07.368+0530","caller":"runtime/asm_amd64.s:1373","msg":"Trying over ssh over ws"}
{"level":"info","time":"2022-02-24T19:04:07.368+0530","caller":"custom/setup.go:635","msg":"Tunnel binary started on port :51240"}
{"level":"debug","time":"2022-02-24T19:04:07.388+0530","caller":"runtime/asm_amd64.s:1373","msg":"WSS connection was successful"}
{"level":"debug","time":"2022-02-24T19:04:07.635+0530","caller":"runtime/asm_amd64.s:1373","msg":"SSH connection over port 443 successful"}
{"level":"debug","time":"2022-02-24T19:04:07.645+0530","caller":"runtime/asm_amd64.s:1373","msg":"SSH connection over port 22 successful"}
{"level":"debug","time":"2022-02-24T19:04:07.674+0530","caller":"runtime/asm_amd64.s:1373","msg":"SSH connection over ws successful"}
{"level":"info","time":"2022-02-24T19:04:07.675+0530","caller":"core/lifecycle.go:115","msg":"Using ssh(over_22) :: connection mode"}
{"level":"info","time":"2022-02-24T19:04:07.675+0530","caller":"cmd/lt.go:176","msg":"Launching tunnel"}
{"level":"debug","time":"2022-02-24T19:04:07.675+0530","caller":"core/lifecycle.go:233","msg":"Starting control ws connection at wss://ts.lambdatest.com/monitor"}
{"level":"debug","time":"2022-02-24T19:04:08.429+0530","caller":"core/lifecycle.go:233","msg":"Control ws channel opened"}
{"level":"debug","time":"2022-02-24T19:04:08.429+0530","caller":"runtime/asm_amd64.s:1373","msg":"Starting message listener on control connection"}
{"level":"debug","time":"2022-02-24T19:04:09.783+0530","caller":"runtime/asm_amd64.s:1373","msg":"Sending tunnel registered message to channels"}
{"level":"debug","time":"2022-02-24T19:04:09.783+0530","caller":"core/lifecycle.go:283","msg":"Using 5 ssh connection"}
{"level":"debug","time":"2022-02-24T19:04:09.783+0530","caller":"runtime/asm_amd64.s:1373","msg":"Tunnel registered message received on control channel"}
{"level":"debug","time":"2022-02-24T19:04:09.783+0530","caller":"runtime/asm_amd64.s:1373","msg":"controller bus registered"}
{"level":"debug","time":"2022-02-24T19:04:10.075+0530","caller":"runtime/asm_amd64.s:1373","msg":"Successfully started sshd listener on port: 14252"}
{"level":"debug","time":"2022-02-24T19:04:10.102+0530","caller":"runtime/asm_amd64.s:1373","msg":"Successfully started sshd listener on port: 6459"}
{"level":"info","time":"2022-02-24T19:04:10.102+0530","caller":"runtime/asm_amd64.s:1373","msg":"You can start testing now"}
{"level":"info","time":"2022-02-24T19:04:10.102+0530","caller":"runtime/asm_amd64.s:1373","msg":"Tunnel ID: 1074290"}
{"level":"debug","time":"2022-02-24T19:04:10.102+0530","caller":"runtime/asm_amd64.s:1373","msg":"Remote Listener Started on Port 19790"}
{"level":"debug","time":"2022-02-24T19:04:10.123+0530","caller":"runtime/asm_amd64.s:1373","msg":"Successfully started sshd listener on port: 9132"}
{"level":"debug","time":"2022-02-24T19:04:10.156+0530","caller":"runtime/asm_amd64.s:1373","msg":"Successfully started sshd listener on port: 25434"}
{"level":"debug","time":"2022-02-24T19:04:10.180+0530","caller":"runtime/asm_amd64.s:1373","msg":"Successfully started sshd listener on port: 13425"}
{"level":"debug","time":"2022-02-24T19:04:14.229+0530","caller":"cmd/lt.go:176","msg":"Context cancelled"}
{"level":"info","time":"2022-02-24T19:04:14.229+0530","caller":"cmd/lt.go:176","msg":"Stopping tunnel"}
{"level":"debug","time":"2022-02-24T19:04:14.229+0530","caller":"custom/setup.go:635","msg":"Exiting the sink proxy"}
{"level":"debug","time":"2022-02-24T19:04:14.229+0530","caller":"runtime/asm_amd64.s:1373","msg":"Shutting down the server"}
{"level":"debug","time":"2022-02-24T19:04:14.230+0530","caller":"runtime/asm_amd64.s:1373","msg":"Unusual close error on control channel..."}
{"level":"debug","time":"2022-02-24T19:04:14.230+0530","caller":"runtime/asm_amd64.s:1373","msg":"Write loop ended for control channel"}
{"level":"debug","time":"2022-02-24T19:04:14.875+0530","caller":"runtime/asm_amd64.s:1373","msg":"Remote connection on remote port: 14252 closed, reason: EOF"}
{"level":"debug","time":"2022-02-24T19:04:14.876+0530","caller":"runtime/asm_amd64.s:1373","msg":"closed ssh connection with port 14252"}
{"level":"debug","time":"2022-02-24T19:04:14.877+0530","caller":"runtime/asm_amd64.s:1373","msg":"Remote connection on remote port: 25434 closed, reason: EOF"}
{"level":"debug","time":"2022-02-24T19:04:14.877+0530","caller":"runtime/asm_amd64.s:1373","msg":"closed ssh connection with port 25434"}
{"level":"debug","time":"2022-02-24T19:04:14.878+0530","caller":"runtime/asm_amd64.s:1373","msg":"Remote connection on remote port: 9132 closed, reason: EOF"}
{"level":"debug","time":"2022-02-24T19:04:14.878+0530","caller":"runtime/asm_amd64.s:1373","msg":"Remote connection on remote port: 6459 closed, reason: EOF"}
{"level":"debug","time":"2022-02-24T19:04:14.878+0530","caller":"runtime/asm_amd64.s:1373","msg":"closed ssh connection with port 9132"}
{"level":"debug","time":"2022-02-24T19:04:14.878+0530","caller":"runtime/asm_amd64.s:1373","msg":"closed ssh connection with port 6459"}
{"level":"debug","time":"2022-02-24T19:04:14.880+0530","caller":"runtime/asm_amd64.s:1373","msg":"Remote connection on remote port: 13425 closed, reason: EOF"}
{"level":"debug","time":"2022-02-24T19:04:14.880+0530","caller":"runtime/asm_amd64.s:1373","msg":"closed ssh connection with port 13425"}
