{"level":"debug","time":"2022-02-24T18:40:36.687+0530","caller":"cmd/lt.go:89","msg":"File descriptor limit 1048575"}
{"level":"info","time":"2022-02-24T18:40:36.881+0530","caller":"cobra/command.go:854","msg":"LambdaTest Tunnel version: 3.1.21"}
{"level":"debug","time":"2022-02-24T18:40:36.883+0530","caller":"cmd/lt.go:176","msg":"Starting pipeline....."}
{"level":"debug","time":"2022-02-24T18:40:36.884+0530","caller":"cmd/lt.go:176","msg":"OS: darwin, Arch: amd64"}
{"level":"debug","time":"2022-02-24T18:40:36.884+0530","caller":"cmd/lt.go:176","msg":"Fetching config"}
{"level":"debug","time":"2022-02-24T18:40:36.885+0530","caller":"runtime/asm_amd64.s:1373","msg":"Starting tunnel With flags: --user mudassars --key ***** --controller npm --infoAPIPort 50955 --tunnelName Mudassar.local50955 --logFile Mudassar.local50955.log --port 50956"}
{"level":"debug","time":"2022-02-24T18:40:37.366+0530","caller":"cmd/lt.go:176","msg":"Remote config fetched"}
{"level":"debug","time":"2022-02-24T18:40:37.443+0530","caller":"core/lifecycle.go:152","msg":"Starting API server"}
{"level":"debug","time":"2022-02-24T18:40:37.443+0530","caller":"core/lifecycle.go:138","msg":"Starting sink proxy"}
{"level":"info","time":"2022-02-24T18:40:37.443+0530","caller":"custom/setup.go:635","msg":"Tunnel binary started on port :50956"}
{"level":"debug","time":"2022-02-24T18:40:37.443+0530","caller":"runtime/asm_amd64.s:1373","msg":"Trying on port 22"}
{"level":"debug","time":"2022-02-24T18:40:37.443+0530","caller":"runtime/asm_amd64.s:1373","msg":"Trying on port 443"}
{"level":"debug","time":"2022-02-24T18:40:37.444+0530","caller":"apiserver/setup.go:173","msg":"Starting API server for tunnel info on port: 50955"}
{"level":"debug","time":"2022-02-24T18:40:37.443+0530","caller":"runtime/asm_amd64.s:1373","msg":"Trying over ssh over ws"}
{"level":"debug","time":"2022-02-24T18:40:37.465+0530","caller":"runtime/asm_amd64.s:1373","msg":"WSS connection was successful"}
{"level":"debug","time":"2022-02-24T18:40:37.690+0530","caller":"runtime/asm_amd64.s:1373","msg":"SSH connection over port 22 successful"}
{"level":"debug","time":"2022-02-24T18:40:37.716+0530","caller":"runtime/asm_amd64.s:1373","msg":"SSH connection over port 443 successful"}
{"level":"debug","time":"2022-02-24T18:40:37.745+0530","caller":"runtime/asm_amd64.s:1373","msg":"SSH connection over ws successful"}
{"level":"info","time":"2022-02-24T18:40:37.745+0530","caller":"core/lifecycle.go:115","msg":"Using ssh(over_22) :: connection mode"}
{"level":"info","time":"2022-02-24T18:40:37.745+0530","caller":"cmd/lt.go:176","msg":"Launching tunnel"}
{"level":"debug","time":"2022-02-24T18:40:37.745+0530","caller":"core/lifecycle.go:233","msg":"Starting control ws connection at wss://ts.lambdatest.com/monitor"}
{"level":"debug","time":"2022-02-24T18:40:40.043+0530","caller":"core/lifecycle.go:233","msg":"Control ws channel opened"}
{"level":"debug","time":"2022-02-24T18:40:40.043+0530","caller":"runtime/asm_amd64.s:1373","msg":"Starting message listener on control connection"}
{"level":"debug","time":"2022-02-24T18:40:40.111+0530","caller":"runtime/asm_amd64.s:1373","msg":"Sending tunnel registered message to channels"}
{"level":"debug","time":"2022-02-24T18:40:40.111+0530","caller":"runtime/asm_amd64.s:1373","msg":"Tunnel registered message received on control channel"}
{"level":"debug","time":"2022-02-24T18:40:40.111+0530","caller":"runtime/asm_amd64.s:1373","msg":"controller bus registered"}
{"level":"debug","time":"2022-02-24T18:40:40.111+0530","caller":"core/lifecycle.go:283","msg":"Using 5 ssh connection"}
{"level":"debug","time":"2022-02-24T18:40:40.392+0530","caller":"runtime/asm_amd64.s:1373","msg":"Successfully started sshd listener on port: 14139"}
{"level":"debug","time":"2022-02-24T18:40:40.393+0530","caller":"runtime/asm_amd64.s:1373","msg":"Successfully started sshd listener on port: 15858"}
{"level":"info","time":"2022-02-24T18:40:40.393+0530","caller":"runtime/asm_amd64.s:1373","msg":"You can start testing now"}
{"level":"info","time":"2022-02-24T18:40:40.393+0530","caller":"runtime/asm_amd64.s:1373","msg":"Tunnel ID: 1074074"}
{"level":"debug","time":"2022-02-24T18:40:40.393+0530","caller":"runtime/asm_amd64.s:1373","msg":"Remote Listener Started on Port 14372"}
{"level":"debug","time":"2022-02-24T18:40:40.406+0530","caller":"runtime/asm_amd64.s:1373","msg":"Successfully started sshd listener on port: 27313"}
{"level":"debug","time":"2022-02-24T18:40:40.413+0530","caller":"runtime/asm_amd64.s:1373","msg":"Successfully started sshd listener on port: 28809"}
{"level":"debug","time":"2022-02-24T18:40:40.476+0530","caller":"runtime/asm_amd64.s:1373","msg":"Successfully started sshd listener on port: 8055"}
{"level":"debug","time":"2022-02-24T18:40:40.699+0530","caller":"cmd/lt.go:176","msg":"Context cancelled"}
{"level":"debug","time":"2022-02-24T18:40:40.699+0530","caller":"runtime/asm_amd64.s:1373","msg":"Shutting down the server"}
{"level":"debug","time":"2022-02-24T18:40:40.699+0530","caller":"custom/setup.go:635","msg":"Exiting the sink proxy"}
{"level":"info","time":"2022-02-24T18:40:40.699+0530","caller":"cmd/lt.go:176","msg":"Stopping tunnel"}
{"level":"debug","time":"2022-02-24T18:40:40.700+0530","caller":"runtime/asm_amd64.s:1373","msg":"Unusual close error on control channel..."}
{"level":"debug","time":"2022-02-24T18:40:40.700+0530","caller":"runtime/asm_amd64.s:1373","msg":"Write loop ended for control channel"}
{"level":"debug","time":"2022-02-24T18:40:41.335+0530","caller":"runtime/asm_amd64.s:1373","msg":"Remote connection on remote port: 28809 closed, reason: EOF"}
{"level":"debug","time":"2022-02-24T18:40:41.335+0530","caller":"runtime/asm_amd64.s:1373","msg":"Remote connection on remote port: 27313 closed, reason: EOF"}
{"level":"debug","time":"2022-02-24T18:40:41.335+0530","caller":"runtime/asm_amd64.s:1373","msg":"closed ssh connection with port 28809"}
{"level":"debug","time":"2022-02-24T18:40:41.335+0530","caller":"runtime/asm_amd64.s:1373","msg":"closed ssh connection with port 27313"}
{"level":"debug","time":"2022-02-24T18:40:41.336+0530","caller":"runtime/asm_amd64.s:1373","msg":"Remote connection on remote port: 15858 closed, reason: EOF"}
{"level":"debug","time":"2022-02-24T18:40:41.336+0530","caller":"runtime/asm_amd64.s:1373","msg":"closed ssh connection with port 15858"}
{"level":"debug","time":"2022-02-24T18:40:41.337+0530","caller":"runtime/asm_amd64.s:1373","msg":"Remote connection on remote port: 14139 closed, reason: EOF"}
{"level":"debug","time":"2022-02-24T18:40:41.337+0530","caller":"runtime/asm_amd64.s:1373","msg":"Remote connection on remote port: 8055 closed, reason: EOF"}
{"level":"debug","time":"2022-02-24T18:40:41.337+0530","caller":"runtime/asm_amd64.s:1373","msg":"closed ssh connection with port 14139"}
{"level":"debug","time":"2022-02-24T18:40:41.337+0530","caller":"runtime/asm_amd64.s:1373","msg":"closed ssh connection with port 8055"}
