{"level":"debug","time":"2022-02-24T19:02:28.847+0530","caller":"cmd/lt.go:89","msg":"File descriptor limit 1048575"}
{"level":"info","time":"2022-02-24T19:02:28.895+0530","caller":"cobra/command.go:854","msg":"LambdaTest Tunnel version: 3.1.21"}
{"level":"debug","time":"2022-02-24T19:02:28.896+0530","caller":"cmd/lt.go:176","msg":"Starting pipeline....."}
{"level":"debug","time":"2022-02-24T19:02:28.896+0530","caller":"cmd/lt.go:176","msg":"OS: darwin, Arch: amd64"}
{"level":"debug","time":"2022-02-24T19:02:28.896+0530","caller":"cmd/lt.go:176","msg":"Fetching config"}
{"level":"debug","time":"2022-02-24T19:02:28.896+0530","caller":"runtime/asm_amd64.s:1373","msg":"Starting tunnel With flags: --user mudassars --key ***** --controller npm --infoAPIPort 51182 --tunnelName Mudassar.local51182 --logFile Mudassar.local51182.log --port 51183"}
{"level":"debug","time":"2022-02-24T19:02:29.547+0530","caller":"cmd/lt.go:176","msg":"Remote config fetched"}
{"level":"debug","time":"2022-02-24T19:02:29.684+0530","caller":"core/lifecycle.go:152","msg":"Starting API server"}
{"level":"debug","time":"2022-02-24T19:02:29.684+0530","caller":"core/lifecycle.go:138","msg":"Starting sink proxy"}
{"level":"debug","time":"2022-02-24T19:02:29.684+0530","caller":"runtime/asm_amd64.s:1373","msg":"Trying on port 443"}
{"level":"debug","time":"2022-02-24T19:02:29.684+0530","caller":"runtime/asm_amd64.s:1373","msg":"Trying over ssh over ws"}
{"level":"debug","time":"2022-02-24T19:02:29.684+0530","caller":"runtime/asm_amd64.s:1373","msg":"Trying on port 22"}
{"level":"info","time":"2022-02-24T19:02:29.685+0530","caller":"custom/setup.go:635","msg":"Tunnel binary started on port :51183"}
{"level":"debug","time":"2022-02-24T19:02:29.684+0530","caller":"apiserver/setup.go:173","msg":"Starting API server for tunnel info on port: 51182"}
{"level":"debug","time":"2022-02-24T19:02:29.706+0530","caller":"runtime/asm_amd64.s:1373","msg":"WSS connection was successful"}
{"level":"debug","time":"2022-02-24T19:02:29.936+0530","caller":"runtime/asm_amd64.s:1373","msg":"SSH connection over port 22 successful"}
{"level":"debug","time":"2022-02-24T19:02:29.959+0530","caller":"runtime/asm_amd64.s:1373","msg":"SSH connection over ws successful"}
{"level":"debug","time":"2022-02-24T19:02:29.964+0530","caller":"runtime/asm_amd64.s:1373","msg":"SSH connection over port 443 successful"}
{"level":"info","time":"2022-02-24T19:02:29.964+0530","caller":"core/lifecycle.go:115","msg":"Using ssh(over_22) :: connection mode"}
{"level":"info","time":"2022-02-24T19:02:29.964+0530","caller":"cmd/lt.go:176","msg":"Launching tunnel"}
{"level":"debug","time":"2022-02-24T19:02:29.964+0530","caller":"core/lifecycle.go:233","msg":"Starting control ws connection at wss://ts.lambdatest.com/monitor"}
{"level":"debug","time":"2022-02-24T19:02:30.720+0530","caller":"core/lifecycle.go:233","msg":"Control ws channel opened"}
{"level":"debug","time":"2022-02-24T19:02:30.720+0530","caller":"runtime/asm_amd64.s:1373","msg":"Starting message listener on control connection"}
{"level":"debug","time":"2022-02-24T19:02:33.275+0530","caller":"runtime/asm_amd64.s:1373","msg":"Sending tunnel registered message to channels"}
{"level":"debug","time":"2022-02-24T19:02:33.275+0530","caller":"core/lifecycle.go:283","msg":"Using 5 ssh connection"}
{"level":"debug","time":"2022-02-24T19:02:33.275+0530","caller":"runtime/asm_amd64.s:1373","msg":"Tunnel registered message received on control channel"}
{"level":"debug","time":"2022-02-24T19:02:33.275+0530","caller":"runtime/asm_amd64.s:1373","msg":"controller bus registered"}
{"level":"debug","time":"2022-02-24T19:02:33.572+0530","caller":"runtime/asm_amd64.s:1373","msg":"Successfully started sshd listener on port: 26034"}
{"level":"debug","time":"2022-02-24T19:02:33.573+0530","caller":"runtime/asm_amd64.s:1373","msg":"Successfully started sshd listener on port: 22615"}
{"level":"info","time":"2022-02-24T19:02:33.573+0530","caller":"runtime/asm_amd64.s:1373","msg":"You can start testing now"}
{"level":"info","time":"2022-02-24T19:02:33.573+0530","caller":"runtime/asm_amd64.s:1373","msg":"Tunnel ID: 1074285"}
{"level":"debug","time":"2022-02-24T19:02:33.573+0530","caller":"runtime/asm_amd64.s:1373","msg":"Remote Listener Started on Port 5740"}
{"level":"debug","time":"2022-02-24T19:02:33.576+0530","caller":"runtime/asm_amd64.s:1373","msg":"Successfully started sshd listener on port: 13193"}
{"level":"debug","time":"2022-02-24T19:02:33.598+0530","caller":"runtime/asm_amd64.s:1373","msg":"Successfully started sshd listener on port: 25041"}
{"level":"debug","time":"2022-02-24T19:02:33.650+0530","caller":"runtime/asm_amd64.s:1373","msg":"Successfully started sshd listener on port: 2695"}
{"level":"debug","time":"2022-02-24T19:02:34.189+0530","caller":"cmd/lt.go:176","msg":"Context cancelled"}
{"level":"debug","time":"2022-02-24T19:02:34.189+0530","caller":"runtime/asm_amd64.s:1373","msg":"Shutting down the server"}
{"level":"info","time":"2022-02-24T19:02:34.189+0530","caller":"cmd/lt.go:176","msg":"Stopping tunnel"}
{"level":"debug","time":"2022-02-24T19:02:34.189+0530","caller":"custom/setup.go:635","msg":"Exiting the sink proxy"}
{"level":"debug","time":"2022-02-24T19:02:34.190+0530","caller":"runtime/asm_amd64.s:1373","msg":"Unusual close error on control channel..."}
{"level":"debug","time":"2022-02-24T19:02:34.190+0530","caller":"runtime/asm_amd64.s:1373","msg":"Write loop ended for control channel"}
{"level":"debug","time":"2022-02-24T19:02:34.830+0530","caller":"runtime/asm_amd64.s:1373","msg":"Remote connection on remote port: 22615 closed, reason: EOF"}
{"level":"debug","time":"2022-02-24T19:02:34.830+0530","caller":"runtime/asm_amd64.s:1373","msg":"Remote connection on remote port: 26034 closed, reason: EOF"}
{"level":"debug","time":"2022-02-24T19:02:34.830+0530","caller":"runtime/asm_amd64.s:1373","msg":"closed ssh connection with port 22615"}
{"level":"debug","time":"2022-02-24T19:02:34.830+0530","caller":"runtime/asm_amd64.s:1373","msg":"closed ssh connection with port 26034"}
{"level":"debug","time":"2022-02-24T19:02:34.831+0530","caller":"runtime/asm_amd64.s:1373","msg":"Remote connection on remote port: 25041 closed, reason: EOF"}
{"level":"debug","time":"2022-02-24T19:02:34.831+0530","caller":"runtime/asm_amd64.s:1373","msg":"closed ssh connection with port 25041"}
{"level":"debug","time":"2022-02-24T19:02:34.832+0530","caller":"runtime/asm_amd64.s:1373","msg":"Remote connection on remote port: 2695 closed, reason: EOF"}
{"level":"debug","time":"2022-02-24T19:02:34.833+0530","caller":"runtime/asm_amd64.s:1373","msg":"closed ssh connection with port 2695"}
{"level":"debug","time":"2022-02-24T19:02:34.833+0530","caller":"runtime/asm_amd64.s:1373","msg":"Remote connection on remote port: 13193 closed, reason: EOF"}
{"level":"debug","time":"2022-02-24T19:02:34.833+0530","caller":"runtime/asm_amd64.s:1373","msg":"closed ssh connection with port 13193"}
